This is pdfTeX, Version 3.141592653-2.6-1.40.25 (TeX Live 2023/Debian) (preloaded format=pdflatex 2024.2.26)  18 MAR 2024 13:24
entering extended mode
 restricted \write18 enabled.
 %&-line parsing enabled.
**/home/gyxx/myProject/c/os/project/report.tex
(/home/gyxx/myProject/c/os/project/report.tex
LaTeX2e <2023-11-01>
L3 programming layer <2023-11-09>

! LaTeX Error: File `ieeeaccess.cls' not found.

Type X to quit or <RETURN> to proceed,
or enter new name. (Default extension: cls)

Enter file name: 
! Emergency stop.
<read *> 
         
l.2 \usepackage
               {cite}^^M
End of file on the terminal!

 
Here is how much of TeX's memory you used:
 22 strings out of 474267
 574 string characters out of 5749989
 1923555 words of memory out of 5000000
 22330 multiletter control sequences out of 15000+600000
 558069 words of font info for 36 fonts, out of 8000000 for 9000
 1141 hyphenation exceptions out of 8191
 19i,0n,29p,102b,17s stack positions out of 10000i,1000n,20000p,200000b,200000s
!  ==> Fatal error occurred, no output PDF file produced!
